Arguments: 
  D:\Program Files\nodejs\node.exe C:\Program Files (x86)\Yarn\bin\yarn.js init

PATH: 
  C:\Program Files (x86)\Common Files\Oracle\Java\javapath;C:\Python38\Scripts\;C:\Python38\;C:\Program Files (x86)\Common Files\Intel\Shared Libraries\redist\intel64\compiler;C:\WINDOWS\system32;C:\WINDOWS;C:\WINDOWS\System32\Wbem;C:\WINDOWS\System32\WindowsPowerShell\v1.0\;D:\Program Files\Microsoft VS Code\bin;D:\Program Files\dotnet\;D:\Program Files\Java\jdk-11.0.1\bin;D:\Program Files\Git\cmd;D:\Program Files\OpenVPN\bin;D:\Program Files\MongoDB\Server\4.2\bin;C:\WINDOWS\system32;C:\WINDOWS;C:\WINDOWS\System32\Wbem;C:\WINDOWS\System32\WindowsPowerShell\v1.0\;C:\WINDOWS\System32\OpenSSH\;C:\Program Files\dotnet\;C:\Program Files (x86)\NVIDIA Corporation\PhysX\Common;C:\Program Files (x86)\Yarn\bin\;D:\Program Files\nodejs\;C:\ProgramData\chocolatey\bin;D:\Program Files\Go\bin;C:\Program Files\Docker\Docker\resources\bin;C:\ProgramData\DockerDesktop\version-bin;D:\Program Files\Java\apache-maven-3.8.1\bin;C:\Users\door\.windows-build-tools\python27\;C:\Users\door\AppData\Local\Microsoft\WindowsApps;C:\Users\door\AppData\Local\atom\bin;C:\Program Files\Bandizip\;C:\Users\door\AppData\Local\Programs\Python\Python37;D:\Program Files\MongoDB\Server\4.2\bin;;D:\Program Files\Microsoft VS Code\Microsoft VS Code\bin;C:\Users\door\AppData\Local\Microsoft\WindowsApps;D:\Program Files\heroku\bin;C:\Users\door\AppData\Local\Yarn\bin;C:\Users\door\AppData\Roaming\npm;C:\Users\door\go\bin

Yarn version: 
  1.22.4

Node version: 
  14.5.0

Platform: 
  win32 x64

Trace: 
  Error: canceled
      at Interface.<anonymous> (C:\Program Files (x86)\Yarn\lib\cli.js:137008:13)
      at Interface.emit (events.js:314:20)
      at Interface._ttyWrite (readline.js:875:16)
      at ReadStream.onkeypress (readline.js:213:10)
      at ReadStream.emit (events.js:314:20)
      at emitKeys (internal/readline/utils.js:335:14)
      at emitKeys.next (<anonymous>)
      at ReadStream.onData (readline.js:1144:36)
      at ReadStream.emit (events.js:314:20)
      at addChunk (_stream_readable.js:304:12)

npm manifest: 
  No manifest

yarn manifest: 
  No manifest

Lockfile: 
  No lockfile
